Body 0 : -2961.074519	-23887.737639	0.000000	|	-1.207501	-8.911677	0.000000
Body 1 : 890.378818	-13033.913470	0.000000	|	0.154699	-4.600291	0.000000
Body 2 : -430.838363	-3616.724056	0.000000	|	-0.154199	-1.380852	0.000000
Body 3 : 4626.866270	9308.352390	0.000000	|	1.529686	2.971733	0.000000
Body 4 : 659.336293	-1210.826100	0.000000	|	0.105462	-0.591990	0.000000
Body 5 : 1647.294185	2124.395960	0.000000	|	0.396314	0.719268	0.000000
Body 6 : -194.455740	-2408.006227	0.000000	|	-0.203171	-1.147654	0.000000
Body 7 : 224607.251942	659042.173556	0.000000	|	76.117631	223.837168	0.000000
Body 8 : -9207.638508	5990.612895	0.000000	|	-3.206555	1.872841	0.000000
Body 9 : -14009.393784	-3137.536639	0.000000	|	-4.735665	-1.237978	0.000000
Body 10 : 441.459998	-938.939234	0.000000	|	0.054805	-0.340371	0.000000
Body 11 : -3740.900572	-8242.177839	0.000000	|	-1.263514	-2.793869	0.000000
Body 12 : -470.992904	6345.650909	0.000000	|	-0.388508	2.075104	0.000000
Body 13 : 1152.842434	-14285.877014	0.000000	|	0.169194	-4.873979	0.000000
Body 14 : 115.381042	-267.849514	0.000000	|	0.014535	-0.029094	0.000000
Body 15 : -6031.546659	-6257.438861	0.000000	|	-2.231750	-2.148463	0.000000
Body 16 : -49393.852540	65283.135503	0.000000	|	-17.801011	23.261549	0.000000
Body 17 : -49035.541268	35312.035727	0.000000	|	-16.502926	11.641271	0.000000
Body 18 : -1044.327342	533.464788	0.000000	|	-0.449407	-0.022039	0.000000
Body 19 : 2529.247556	1905.873238	0.000000	|	0.648415	0.632527	0.000000
Body 20 : -910.020188	-5538.669348	0.000000	|	-0.486550	-2.039314	0.000000
Body 21 : 56161.492716	29025.724006	0.000000	|	18.782309	9.574422	0.000000
Body 22 : 6091.221450	-900.675201	0.000000	|	1.832864	-0.473436	0.000000
Body 23 : -874.184205	-463.925474	0.000000	|	-0.306326	-0.083257	0.000000
Body 24 : 6649.703750	-9956.963166	0.000000	|	2.193905	-3.430900	0.000000
Body 25 : -3917.731660	-159.197709	0.000000	|	-1.755579	0.086114	0.000000
Body 26 : 14422.353581	1408.883699	0.000000	|	5.436982	0.461116	0.000000
Body 27 : 4621.642175	3890.205487	0.000000	|	1.510290	1.156380	0.000000
Body 28 : -983.359380	-241.845693	0.000000	|	-0.655996	0.173491	0.000000
Body 29 : 218.113972	-219.087534	0.000000	|	0.070003	-0.258093	0.000000
Body 30 : 40121.229428	-51474.245248	0.000000	|	14.332299	-18.652852	0.000000
Body 31 : -2574.143799	5357.201109	0.000000	|	-0.968839	1.869725	0.000000
Body 32 : -1822.881642	3616.135205	0.000000	|	-0.664870	0.925700	0.000000
Body 33 : -1051.804139	3333.775706	0.000000	|	-0.348853	0.925045	0.000000
Body 34 : 6664.883509	-529.151638	0.000000	|	2.269105	-0.254960	0.000000
Body 35 : 19507.896668	-159718.752200	0.000000	|	6.704949	-56.339905	0.000000
Body 36 : 812.266645	594.429002	0.000000	|	0.279579	-0.166120	0.000000
Body 37 : -11406.894039	-337.035601	0.000000	|	-4.134000	-0.245028	0.000000
Body 38 : 3713.743487	2493.511724	0.000000	|	1.500239	0.928017	0.000000
Body 39 : 276.744598	106.758473	0.000000	|	0.124132	-0.251497	0.000000
Body 40 : -995.853987	-965.769775	0.000000	|	-0.333388	-0.502330	0.000000
Body 41 : -7169.477416	18769.655662	0.000000	|	-2.670546	6.567629	0.000000
Body 42 : -5846.644697	-12855.458552	0.000000	|	-2.284705	-4.641979	0.000000
Body 43 : -1806.447289	1602.297004	0.000000	|	-0.874661	0.617414	0.000000
Body 44 : 16224.601111	-7814.102441	0.000000	|	5.280165	-2.798864	0.000000
Body 45 : -44171.661381	-50355.372785	0.000000	|	-15.181197	-17.313000	0.000000
Body 46 : -327.480614	3899.689818	0.000000	|	-0.169018	1.024023	0.000000
Body 47 : 8285.713006	-13925.238202	0.000000	|	2.875021	-5.173511	0.000000
Body 48 : 16335.021591	-13576.996371	0.000000	|	5.479266	-4.609919	0.000000
Body 49 : 5715.178238	148.297110	0.000000	|	1.979443	-0.034337	0.000000
Body 50 : 952.973972	1849.881553	0.000000	|	0.175414	0.417253	0.000000
Body 51 : -1036.970846	8383.364720	0.000000	|	-0.608650	2.703884	0.000000
Body 52 : 1789.129972	1621.085537	0.000000	|	0.403136	0.355530	0.000000
Body 53 : 1495.756296	16517.569562	0.000000	|	0.335101	5.504468	0.000000
Body 54 : -3992.233570	-806.477033	0.000000	|	-1.816676	-0.497037	0.000000
Body 55 : -418.461692	1938.772561	0.000000	|	-0.444572	0.675129	0.000000
Body 56 : 11193.367147	-17026.630181	0.000000	|	3.848719	-6.124988	0.000000
Body 57 : -8649.406273	7161.451961	0.000000	|	-3.250942	2.503953	0.000000
Body 58 : -23495.496793	32508.778452	0.000000	|	-7.907699	10.716524	0.000000
Body 59 : 1262.051517	2776.283189	0.000000	|	0.683346	1.386214	0.000000
Body 60 : -1238.672132	35199.221468	0.000000	|	-0.635390	11.826422	0.000000
Body 61 : -7539.368770	-16350.244817	0.000000	|	-2.914661	-6.097974	0.000000
Body 62 : 1660.978711	3653.795674	0.000000	|	0.531908	1.113320	0.000000
Body 63 : 8860.357874	-23956.358396	0.000000	|	2.991283	-8.411784	0.000000
Body 64 : -2326.982710	14282.823780	0.000000	|	-0.846993	4.884351	0.000000
Body 65 : 3220.037284	-1303.879401	0.000000	|	0.910219	-0.658847	0.000000
Body 66 : 3894.502979	1699.550863	0.000000	|	1.263114	0.532496	0.000000
Body 67 : -6414.001411	25423.918103	0.000000	|	-2.568478	9.488208	0.000000
Body 68 : -103.871978	-4784.973212	0.000000	|	-0.033026	-2.027298	0.000000
Body 69 : 9795.239138	5105.346932	0.000000	|	3.105559	1.386608	0.000000
Body 70 : -13643.883751	103532.527994	0.000000	|	-4.763995	34.808229	0.000000
Body 71 : -1083.638459	-1308.054590	0.000000	|	-0.353802	-0.486096	0.000000
Body 72 : 11524.951474	3362.004509	0.000000	|	4.676373	1.209956	0.000000
Body 73 : -798.682828	-4617.190734	0.000000	|	-0.440929	-1.774944	0.000000
Body 74 : -661.023210	888.841051	0.000000	|	-0.353761	0.210411	0.000000
Body 75 : 68953.300789	31290.693056	0.000000	|	25.330917	11.310365	0.000000
Body 76 : 14573.839208	4004.083042	0.000000	|	4.726803	1.196880	0.000000
Body 77 : 300.027908	-4237.162898	0.000000	|	0.019302	-1.546598	0.000000
Body 78 : 16774.010538	4668.792831	0.000000	|	5.732230	1.504760	0.000000
Body 79 : 2730.501809	2241.765127	0.000000	|	0.894035	0.675163	0.000000
Body 80 : 3127.826974	-2794.421845	0.000000	|	1.015482	-0.916087	0.000000
Body 81 : 15533.017244	8723.455886	0.000000	|	5.198771	2.838100	0.000000
Body 82 : -33860.896593	-3854.787541	0.000000	|	-11.652581	-1.408523	0.000000
Body 83 : 102448.388371	27162.242638	0.000000	|	34.234819	8.921657	0.000000
Body 84 : 2959.429111	-1262.403561	0.000000	|	0.970711	-0.508017	0.000000
Body 85 : 4888.532192	-7143.614458	0.000000	|	1.472366	-2.602977	0.000000
Body 86 : 66211.635052	15013.535756	0.000000	|	29.731677	6.292949	0.000000
Body 87 : 1121.905053	-894.893154	0.000000	|	0.483250	-0.430188	0.000000
Body 88 : 1069.164108	-1031.689528	0.000000	|	0.260784	-0.292573	0.000000
Body 89 : 82.438649	2255.210697	0.000000	|	0.296035	0.884785	0.000000
Body 90 : -1932.424712	383.775891	0.000000	|	-1.113219	0.037332	0.000000
Body 91 : -1717.294744	-760.098619	0.000000	|	-0.505121	-0.473917	0.000000
Body 92 : 1449.462396	-44.702038	0.000000	|	0.250883	-0.375940	0.000000
Body 93 : 4775.963363	6595.041337	0.000000	|	1.359295	2.123168	0.000000
Body 94 : -19977.763752	-9688.540030	0.000000	|	-7.078689	-3.320837	0.000000
Body 95 : 2186.950731	-711.927973	0.000000	|	0.753815	-0.331319	0.000000
Body 96 : -3198.800313	4984.431108	0.000000	|	-1.062052	1.674829	0.000000
Body 97 : 1190.801068	-938.028798	0.000000	|	0.137556	-0.376886	0.000000
Body 98 : 3237.751682	732.578943	0.000000	|	1.147921	0.238746	0.000000
Body 99 : -1327.672323	-2765.075831	0.000000	|	-0.644906	-0.993747	0.000000
Body 100 : 50481.295815	-66087.123278	0.000000	|	16.970537	-22.435782	0.000000
Body 101 : 603.117850	2603.963779	0.000000	|	0.049099	0.537671	0.000000
Body 102 : 1336.003463	-600.258664	0.000000	|	0.287740	-0.338082	0.000000
Body 103 : 76144.808196	63001.939097	0.000000	|	27.494710	22.694255	0.000000
Body 104 : -245.169997	-1178.587864	0.000000	|	-0.722247	-0.752030	0.000000
Body 105 : 7105.056212	-6069.583562	0.000000	|	2.409411	-2.237063	0.000000
Body 106 : 37038.841456	18229.527129	0.000000	|	12.177110	6.056998	0.000000
Body 107 : -994.403756	9896.853769	0.000000	|	-0.467666	3.292713	0.000000
Body 108 : -801.079542	-639.005592	0.000000	|	-0.187153	0.097693	0.000000
Body 109 : 1770.154950	-2115.510186	0.000000	|	0.566033	-0.662263	0.000000
Body 110 : -644190.079674	1714192.339383	0.000000	|	-215.216581	572.042373	0.000000
Body 111 : 295.797707	2611.522621	0.000000	|	0.091200	0.796770	0.000000
Body 112 : 136.280391	2790.204673	0.000000	|	0.119685	0.933231	0.000000
Body 113 : 1380.998161	-659.389957	0.000000	|	0.259933	-0.632208	0.000000
Body 114 : 2427.049439	900.641555	0.000000	|	0.747030	0.163854	0.000000
Body 115 : 214.295902	45.062827	0.000000	|	0.270347	-0.141557	0.000000
Body 116 : -4568.447220	-3404.371561	0.000000	|	-1.572898	-1.358188	0.000000
Body 117 : 7551.669708	-2048.500935	0.000000	|	2.555087	-0.959858	0.000000
Body 118 : 8266.349173	2809.178920	0.000000	|	2.258975	0.811057	0.000000
Body 119 : -8771.546850	-2203.667588	0.000000	|	-3.044096	-0.933973	0.000000
Body 120 : -1472.768685	-2838.348952	0.000000	|	-0.749423	-1.146868	0.000000
Body 121 : 3739560.285591	-9938013.816235	0.000000	|	1248.228829	-3317.861560	0.000000
Body 122 : -4446.114378	3291.188699	0.000000	|	-1.687666	0.787658	0.000000
Body 123 : -18213.233607	-16259.392719	0.000000	|	-6.717690	-6.067589	0.000000
Body 124 : -5061.965003	6311.168841	0.000000	|	-2.218024	2.320720	0.000000
Body 125 : 4287.148881	-3060.325982	0.000000	|	1.349046	-1.310703	0.000000
Body 126 : 297.056976	605.896104	0.000000	|	-0.042995	0.128459	0.000000
Body 127 : 114.057787	-12275.082279	0.000000	|	-0.123231	-4.117959	0.000000
Body 128 : -18326.996261	10867.821881	0.000000	|	-6.465234	3.564041	0.000000
Body 129 : -8919.527124	-4205.626948	0.000000	|	-2.966999	-1.513956	0.000000
Body 130 : -15434.247142	-6248.404490	0.000000	|	-5.513434	-2.368491	0.000000
Body 131 : -4416.605133	-154.950743	0.000000	|	-1.610171	-0.351096	0.000000
Body 132 : 1301.349056	3003.461087	0.000000	|	0.413204	0.657443	0.000000
Body 133 : 9939.751851	-7426.098044	0.000000	|	3.169983	-2.577737	0.000000
Body 134 : -1595.714324	-32377.226374	0.000000	|	-0.736828	-12.474736	0.000000
Body 135 : 1377.288176	-172.884164	0.000000	|	0.520957	-0.140815	0.000000
Body 136 : 21089.416651	-19118.696880	0.000000	|	7.546532	-7.044616	0.000000
Body 137 : 1725.935290	-26663.073442	0.000000	|	0.524777	-11.581238	0.000000
Body 138 : -6183.916252	1475.274690	0.000000	|	-2.292642	0.491591	0.000000
Body 139 : -6210.584263	3398.900139	0.000000	|	-2.308464	1.014774	0.000000
Body 140 : 943.340023	2880.678405	0.000000	|	0.239201	0.667165	0.000000
Body 141 : -2204.427349	3944.964775	0.000000	|	-1.051055	1.329918	0.000000
Body 142 : 791.398873	-604.894450	0.000000	|	0.212129	-0.554449	0.000000
Body 143 : 614.315950	1713.940179	0.000000	|	-0.041394	0.185124	0.000000
Body 144 : -3134.835483	5883.062128	0.000000	|	-1.095649	1.970500	0.000000
Body 145 : 2213.828952	4350.981831	0.000000	|	0.524793	1.335134	0.000000
Body 146 : 1118.828600	3470.958417	0.000000	|	0.354600	1.126774	0.000000
Body 147 : -8360.713808	-12133.985733	0.000000	|	-3.138715	-4.522263	0.000000
Body 148 : -1329.938866	-1994.894550	0.000000	|	-0.578144	-1.066593	0.000000
Body 149 : 8277.439826	2837.105034	0.000000	|	2.804621	0.698512	0.000000
Body 150 : -1819.674946	-2818.098351	0.000000	|	-1.044331	-1.721667	0.000000
Body 151 : 885.311697	-1232.853626	0.000000	|	-0.108348	-0.518098	0.000000
Body 152 : -507.741827	533.427866	0.000000	|	-0.199347	0.091642	0.000000
Body 153 : -107887.824832	-27792.111918	0.000000	|	-36.074998	-9.447873	0.000000
Body 154 : 9421.221391	4930.381757	0.000000	|	2.952654	1.455499	0.000000
Body 155 : 23319.528766	5697.455039	0.000000	|	7.644984	1.909650	0.000000
Body 156 : 3342.384828	1963.457637	0.000000	|	0.841535	0.533589	0.000000
Body 157 : 360.432947	-979.624010	0.000000	|	0.090663	-0.431165	0.000000
Body 158 : 4300.352917	2083.874091	0.000000	|	1.452783	0.676191	0.000000
Body 159 : 86670.335624	-594470.886997	0.000000	|	29.005401	-200.168394	0.000000
Body 160 : -1967.078691	-2401.595117	0.000000	|	-0.942071	-1.103425	0.000000
Body 161 : -80643.501674	-40096.235980	0.000000	|	-27.099027	-13.607969	0.000000
Body 162 : -2212.238828	4338.273554	0.000000	|	-0.947780	1.463192	0.000000
Body 163 : -8287.905592	-35278.605880	0.000000	|	-2.986760	-11.964118	0.000000
Body 164 : 6506.946235	-13575.476299	0.000000	|	2.094805	-4.943346	0.000000
Body 165 : -19113.204126	-13589.056964	0.000000	|	-6.484553	-4.634171	0.000000
Body 166 : 1601.829836	2543.468621	0.000000	|	1.626938	1.709521	0.000000
Body 167 : -17643.399410	3484.902090	0.000000	|	-6.961497	1.211122	0.000000
Body 168 : 7537.107485	5482.647800	0.000000	|	2.294376	1.793370	0.000000
Body 169 : -8081.575294	16538.178926	0.000000	|	-2.771109	5.496550	0.000000
Body 170 : 2133.968650	1646.925450	0.000000	|	0.801526	0.555207	0.000000
Body 171 : -3301.640206	-5859.244811	0.000000	|	-1.290458	-2.133800	0.000000
Body 172 : -2148.265141	1257.409189	0.000000	|	-1.150217	0.346182	0.000000
Body 173 : 1618.847099	2459.047949	0.000000	|	0.517894	0.635354	0.000000
Body 174 : 2916.210309	-2388.295481	0.000000	|	0.879561	-0.963690	0.000000
Body 175 : 17177.660343	14031.549050	0.000000	|	5.625201	4.605166	0.000000
Body 176 : -1228.634634	925.563327	0.000000	|	-0.984553	-0.417474	0.000000
Body 177 : -14652.621500	-9176.620710	0.000000	|	-5.337099	-3.320016	0.000000
Body 178 : 2262.088548	89.935711	0.000000	|	0.385344	-0.497657	0.000000
Body 179 : 5719.478082	118.378652	0.000000	|	2.359265	-0.354878	0.000000
Body 180 : 3615.581743	1770.965682	0.000000	|	1.080637	0.498862	0.000000
Body 181 : 14544.905415	9890.642609	0.000000	|	5.115117	3.424456	0.000000
Body 182 : -470664.617391	-1383121.760061	0.000000	|	-160.088592	-469.950439	0.000000
Body 183 : 1297.470153	-1551.921673	0.000000	|	0.347477	-0.818554	0.000000
Body 184 : 13041.305190	32672.113021	0.000000	|	4.571308	11.609151	0.000000
Body 185 : -2188.065378	-1021.616794	0.000000	|	-0.912239	-0.541958	0.000000
Body 186 : -1508.281197	-970.788597	0.000000	|	-0.896598	-0.432611	0.000000
Body 187 : 920.679766	239.691558	0.000000	|	0.237523	-0.023074	0.000000
Body 188 : 1896.880876	-133.957813	0.000000	|	0.525600	-0.065349	0.000000
Body 189 : -31845.290145	-16123.128483	0.000000	|	-11.853560	-6.178099	0.000000
Body 190 : 2274.164742	-4440.368099	0.000000	|	0.805905	-1.834906	0.000000
Body 191 : 223.702043	245.672650	0.000000	|	0.056640	-0.246627	0.000000
Body 192 : 10447.215624	6005.042521	0.000000	|	3.301412	2.041615	0.000000
Body 193 : 30496.601782	21450.033583	0.000000	|	10.120075	7.060150	0.000000
Body 194 : -26394.032067	-31671.803021	0.000000	|	-9.063123	-10.902162	0.000000
Body 195 : 1021.327059	-12.915154	0.000000	|	0.016362	-0.143281	0.000000
Body 196 : -2103.736141	1252.403640	0.000000	|	-0.910958	-0.009892	0.000000
Body 197 : -741.888974	1721.351922	0.000000	|	-0.357405	0.471722	0.000000
Body 198 : 10996.889367	30643.769149	0.000000	|	3.529127	10.340059	0.000000
Body 199 : -1035.328398	5369.723481	0.000000	|	-0.328734	1.624852	0.000000
Body 200 : 5070.497374	1919.637473	0.000000	|	1.679353	0.660434	0.000000
Body 201 : -7550.205756	-12233.267886	0.000000	|	-3.126426	-4.937779	0.000000
Body 202 : 635.797557	4392.879955	0.000000	|	0.061250	1.467057	0.000000
Body 203 : 94.061277	2426.922839	0.000000	|	-0.066467	0.669385	0.000000
Body 204 : 1773.637558	-2578.165269	0.000000	|	0.361232	-0.757682	0.000000
Body 205 : -11774.601742	-1834.587301	0.000000	|	-3.940673	-0.783122	0.000000
Body 206 : 1317.870639	7350.063546	0.000000	|	0.305097	2.157211	0.000000
Body 207 : -7088.461605	-2728.547861	0.000000	|	-2.963720	-1.202398	0.000000
Body 208 : -33304.251179	-16353.455380	0.000000	|	-11.447430	-5.556825	0.000000
Body 209 : -10299.939245	3642.145760	0.000000	|	-3.556007	1.032506	0.000000
Body 210 : 33961.056795	-37571.886787	0.000000	|	11.175741	-12.676707	0.000000
Body 211 : -388.218559	525.607667	0.000000	|	-0.080334	-0.028239	0.000000
Body 212 : -2694.015501	8345.325509	0.000000	|	-0.938523	2.822354	0.000000
Body 213 : 1884.286819	7569.399437	0.000000	|	0.420538	2.402489	0.000000
Body 214 : -3693.090218	7744.858480	0.000000	|	-1.269608	2.376481	0.000000
Body 215 : 2161.746381	2953.823614	0.000000	|	0.582445	0.740246	0.000000
Body 216 : 547336.548031	-387483.895540	0.000000	|	183.318275	-130.021325	0.000000
Body 217 : -20848.387608	3890.477191	0.000000	|	-7.024428	1.296933	0.000000
Body 218 : 1958.128416	-2166.511669	0.000000	|	0.523844	-0.860615	0.000000
Body 219 : -7851.112033	1973.834466	0.000000	|	-2.861170	0.438942	0.000000
Body 220 : 3026.544993	-48.378380	0.000000	|	0.894956	-0.032959	0.000000
Body 221 : 5774.032622	-6482.024255	0.000000	|	1.949039	-2.455802	0.000000
Body 222 : -717.449807	-112.798926	0.000000	|	-0.445521	-0.258383	0.000000
Body 223 : 3952.298511	-152.701088	0.000000	|	1.344391	-0.092886	0.000000
Body 224 : -2895.098983	1283.530569	0.000000	|	-1.172302	0.399656	0.000000
Body 225 : -2032.704896	-1985.706334	0.000000	|	-0.917343	-0.929253	0.000000
Body 226 : -7244.200037	5952.738457	0.000000	|	-2.662579	1.816304	0.000000
Body 227 : -3647.647346	210.507106	0.000000	|	-1.211111	-0.122066	0.000000
Body 228 : 525.034837	599.122334	0.000000	|	0.125687	-0.044684	0.000000
Body 229 : 8047.184187	13303.298132	0.000000	|	2.588696	4.562567	0.000000
Body 230 : -11715.020540	-1234.060744	0.000000	|	-4.160943	-0.420042	0.000000
Body 231 : 17894.191943	-58374.146032	0.000000	|	5.969439	-19.718685	0.000000
Body 232 : -9663.778378	-40407.590296	0.000000	|	-3.313682	-13.708232	0.000000
Body 233 : -458.481609	-1464.804758	0.000000	|	-0.387570	-0.653869	0.000000
Body 234 : -32451.918516	36562.500880	0.000000	|	-11.073034	12.161083	0.000000
Body 235 : 1296.149294	2510.947965	0.000000	|	0.282110	0.858231	0.000000
Body 236 : 420.666010	1397.940796	0.000000	|	-1.455455	-1.238031	0.000000
Body 237 : 2304.302131	-2023.586775	0.000000	|	0.609296	-0.652084	0.000000
Body 238 : -1639.873160	2528.069512	0.000000	|	-1.156853	1.275883	0.000000
Body 239 : 183.297451	-1509.031879	0.000000	|	-0.557185	-0.804135	0.000000
Body 240 : 14205.703375	1468.229095	0.000000	|	4.754248	0.279205	0.000000
Body 241 : 6982.882495	-12887.496512	0.000000	|	2.158860	-4.498846	0.000000
Body 242 : -1396.696969	-3622.585384	0.000000	|	-0.572983	-1.249882	0.000000
Body 243 : 3275.524337	18812.388642	0.000000	|	1.023078	6.634381	0.000000
Body 244 : -7283.866044	-18034.632042	0.000000	|	-2.758568	-6.364835	0.000000
Body 245 : 2384.959805	2171.814193	0.000000	|	0.770040	0.522238	0.000000
Body 246 : -11430.886049	-3909.840775	0.000000	|	-4.587720	-1.680524	0.000000
Body 247 : -1122.821841	7665.433898	0.000000	|	-0.604235	2.500457	0.000000
Body 248 : 11329.541434	-584.816504	0.000000	|	3.700450	-0.174363	0.000000
Body 249 : -8421.277235	60176.198993	0.000000	|	-3.135654	21.127334	0.000000
Body 250 : -13875.774219	10530.293504	0.000000	|	-4.874285	3.332368	0.000000
Body 251 : -20801.865962	-136.103508	0.000000	|	-7.199080	-0.039923	0.000000
Body 252 : 1988.814778	1966.278760	0.000000	|	0.561457	0.744535	0.000000
Body 253 : -4093.818772	-12134.099103	0.000000	|	-1.532338	-4.135421	0.000000
Body 254 : 2454.853247	345.572019	0.000000	|	0.993152	0.280561	0.000000
Body 255 : 20768.144164	-25629.953049	0.000000	|	7.093869	-9.153308	0.000000
Body 256 : -3896.625206	4833.310346	0.000000	|	-1.289298	1.527861	0.000000
Body 257 : -18823.778050	-9368.751063	0.000000	|	-6.771582	-3.441008	0.000000
Body 258 : 13949.919494	3537.657987	0.000000	|	4.727763	1.015392	0.000000
Body 259 : 1472.781039	2007.497957	0.000000	|	0.451623	0.318327	0.000000
Body 260 : 21016.563430	15228.531339	0.000000	|	7.400207	5.337773	0.000000
Body 261 : 114.920899	709.715243	0.000000	|	-0.067110	0.020940	0.000000
Body 262 : -4169.311647	-1544.692152	0.000000	|	-1.526954	-0.813465	0.000000
Body 263 : -9579.112606	18734.331786	0.000000	|	-3.439075	6.343266	0.000000
Body 264 : 2650.407807	-2223.754909	0.000000	|	0.784620	-0.843886	0.000000
Body 265 : -1843.851249	4677.242642	0.000000	|	-0.707898	1.556736	0.000000
Body 266 : 1724.294135	1051.317841	0.000000	|	0.523435	0.284026	0.000000
Body 267 : 10961.395836	38704.543209	0.000000	|	3.630502	12.925596	0.000000
Body 268 : 4005.567585	-3040.187483	0.000000	|	1.285387	-1.050179	0.000000
Body 269 : 4115.268961	358.197984	0.000000	|	1.303468	0.276917	0.000000
Body 270 : -2464.457755	1163.942046	0.000000	|	-1.152467	0.351061	0.000000
Body 271 : -504.854980	-886.848674	0.000000	|	-0.155273	-0.523353	0.000000
Body 272 : 7379.029173	175.138643	0.000000	|	2.418475	-0.190203	0.000000
Body 273 : 5887.796992	9272.344967	0.000000	|	1.846971	2.923966	0.000000
Body 274 : -1278.445813	-113.963941	0.000000	|	-0.592917	-0.173473	0.000000
Body 275 : -9475.883879	14060.475319	0.000000	|	-3.517763	4.784898	0.000000
Body 276 : 5711.531022	-5689.529410	0.000000	|	1.836799	-2.107071	0.000000
Body 277 : -2507.199255	-6408.866829	0.000000	|	-1.022136	-2.500536	0.000000
Body 278 : -456.113285	-128.611671	0.000000	|	-0.470927	-0.230873	0.000000
Body 279 : -1104.091192	-55.477807	0.000000	|	-0.719206	-0.039000	0.000000
Body 280 : -12447.597709	47035.714958	0.000000	|	-4.243803	15.760595	0.000000
Body 281 : -82995.907582	-57587.998467	0.000000	|	-28.146206	-19.589573	0.000000
Body 282 : -3760.938134	-31.543997	0.000000	|	-1.600824	-0.149717	0.000000
Body 283 : -2065.258251	-2156.387564	0.000000	|	-0.975352	-0.904129	0.000000
Body 284 : 5331.174508	4163.264005	0.000000	|	1.832717	1.233570	0.000000
Body 285 : 34990.329039	4638.244198	0.000000	|	11.636902	1.439194	0.000000
Body 286 : -4212.820512	2867.166841	0.000000	|	-1.535473	0.982474	0.000000
Body 287 : -2760.679641	605.481593	0.000000	|	-1.086363	-0.065640	0.000000
Body 288 : -4824.857318	-6064.220207	0.000000	|	-1.640760	-2.217496	0.000000
Body 289 : 8157.772958	-532.450411	0.000000	|	2.802222	-0.467013	0.000000
Body 290 : 133.008536	3897.882397	0.000000	|	0.060007	1.207777	0.000000
Body 291 : 11205.654171	-17362.504480	0.000000	|	3.700724	-5.909750	0.000000
Body 292 : -1112.264224	-490.778369	0.000000	|	-0.455688	-0.508813	0.000000
Body 293 : 361.951204	3268.166875	0.000000	|	0.139594	1.472523	0.000000
Body 294 : 1038.604413	-2545.511540	0.000000	|	0.326112	-1.034749	0.000000
Body 295 : 635.211775	-4346.310910	0.000000	|	0.091864	-1.498094	0.000000
Body 296 : 3205.709592	-439.581963	0.000000	|	1.633414	-0.213494	0.000000
Body 297 : 2637.019001	-658.761218	0.000000	|	1.303387	-0.145661	0.000000
Body 298 : 2381.491552	162.308113	0.000000	|	0.957877	-0.476011	0.000000
Body 299 : -3687.748298	-2594.511116	0.000000	|	-1.519098	-1.106119	0.000000
