Body 0 : -5148.496597	-24328.393819	0.000000	|	-2.032991	-9.082070	0.000000
Body 1 : 893.699075	-13037.890699	0.000000	|	0.156285	-4.601949	0.000000
Body 2 : -1090.389633	-3262.580062	0.000000	|	-0.428189	-1.224487	0.000000
Body 3 : 4710.084140	9333.222171	0.000000	|	1.562775	2.982156	0.000000
Body 4 : -401.694733	-1525.609712	0.000000	|	-0.601946	-0.352961	0.000000
Body 5 : 954.189639	889.007359	0.000000	|	-0.031558	0.122028	0.000000
Body 6 : 83334.753165	-6586.744513	0.000000	|	33.794261	-2.859256	0.000000
Body 7 : 224607.251888	659042.173592	0.000000	|	76.117631	223.837168	0.000000
Body 8 : -9204.222469	6015.622146	0.000000	|	-3.208745	1.881039	0.000000
Body 9 : -14011.183982	-3133.648707	0.000000	|	-4.736643	-1.236506	0.000000
Body 10 : -1764.564974	-2027.439656	0.000000	|	-0.865041	-0.864644	0.000000
Body 11 : -3748.753510	-8245.815815	0.000000	|	-1.266532	-2.795653	0.000000
Body 12 : -3846.109623	2161.108734	0.000000	|	-1.575507	0.522512	0.000000
Body 13 : 1157.956790	-14287.464355	0.000000	|	0.171390	-4.874730	0.000000
Body 14 : 729.284805	-5641.183068	0.000000	|	-0.125765	-2.762681	0.000000
Body 15 : -6040.106215	-6259.948073	0.000000	|	-2.236730	-2.148305	0.000000
Body 16 : -49438.721790	65308.581290	0.000000	|	-17.817152	23.270665	0.000000
Body 17 : -49035.532010	35312.078287	0.000000	|	-16.502925	11.641289	0.000000
Body 18 : -2843.508097	1271.887978	0.000000	|	-1.254281	0.340587	0.000000
Body 19 : 4869.115329	2254.117757	0.000000	|	1.653701	0.653736	0.000000
Body 20 : -7458.914703	-5584.403729	0.000000	|	-2.777547	-2.130443	0.000000
Body 21 : 56161.429715	29026.170783	0.000000	|	18.782229	9.574653	0.000000
Body 22 : 6209.200593	-1031.927920	0.000000	|	1.907794	-0.586560	0.000000
Body 23 : 95.184479	-246.853903	0.000000	|	0.133244	-0.098857	0.000000
Body 24 : 6660.950713	-9963.495802	0.000000	|	2.200005	-3.434434	0.000000
Body 25 : -1417.776345	948.637729	0.000000	|	-0.953881	0.523380	0.000000
Body 26 : -1996.897335	112.944929	0.000000	|	-0.822250	-0.097455	0.000000
Body 27 : 4468.735094	3507.411325	0.000000	|	1.453985	1.007527	0.000000
Body 28 : -317.493380	-12.998925	0.000000	|	-0.296744	-0.273855	0.000000
Body 29 : 1791.288083	-146.252490	0.000000	|	0.686099	-0.256560	0.000000
Body 30 : 40154.930235	-51496.224549	0.000000	|	14.344393	-18.660753	0.000000
Body 31 : -2720.196435	5134.096048	0.000000	|	-1.040051	1.769898	0.000000
Body 32 : -1094.798810	4550.990843	0.000000	|	-0.332971	1.372954	0.000000
Body 33 : -1956.932776	2571.713087	0.000000	|	-0.732409	0.593547	0.000000
Body 34 : 7392.860756	774.850695	0.000000	|	2.542976	0.257343	0.000000
Body 35 : 19507.863248	-159718.745875	0.000000	|	6.704934	-56.339902	0.000000
Body 36 : 330.354332	1310.746414	0.000000	|	0.179520	0.302185	0.000000
Body 37 : -11420.148886	-420.771221	0.000000	|	-4.139904	-0.278108	0.000000
Body 38 : 1458.070671	-2154.772585	0.000000	|	0.415872	-0.918328	0.000000
Body 39 : 7284.243790	8514.674200	0.000000	|	2.906541	3.422854	0.000000
Body 40 : -1899.929246	-797.834778	0.000000	|	-0.746730	-0.393885	0.000000
Body 41 : -7140.551739	18751.136547	0.000000	|	-2.660717	6.560410	0.000000
Body 42 : -5652.050917	-12991.348262	0.000000	|	-2.209573	-4.691688	0.000000
Body 43 : -1142.434648	-606.459880	0.000000	|	-0.739820	-0.387154	0.000000
Body 44 : 16224.009122	-7814.850798	0.000000	|	5.279640	-2.799165	0.000000
Body 45 : -44171.666495	-50355.458015	0.000000	|	-15.181201	-17.313040	0.000000
Body 46 : 428.183869	3783.005267	0.000000	|	0.463081	0.860330	0.000000
Body 47 : 8095.782707	-13261.729260	0.000000	|	2.807486	-4.929654	0.000000
Body 48 : 16076.775915	-13782.222799	0.000000	|	5.374342	-4.694012	0.000000
Body 49 : -21407.613794	-21258.805146	0.000000	|	-8.290184	-8.233416	0.000000
Body 50 : -5610.849345	-837.800721	0.000000	|	-3.705856	-1.393595	0.000000
Body 51 : -925.992651	8345.119414	0.000000	|	-0.555677	2.686508	0.000000
Body 52 : 3367.873838	-422.922454	0.000000	|	1.251248	-0.212964	0.000000
Body 53 : 1413.218930	16545.009372	0.000000	|	0.301312	5.515232	0.000000
Body 54 : -598.290986	-810.295006	0.000000	|	-0.523662	-0.568903	0.000000
Body 55 : 186.179601	2755.082698	0.000000	|	-0.210962	0.941909	0.000000
Body 56 : 11194.687928	-17028.867230	0.000000	|	3.849576	-6.125937	0.000000
Body 57 : 14537.717949	-4968.685791	0.000000	|	5.163902	-1.901547	0.000000
Body 58 : -23495.208884	32509.111055	0.000000	|	-7.907608	10.716664	0.000000
Body 59 : 1321.684559	8610.729488	0.000000	|	0.307365	3.254391	0.000000
Body 60 : -1237.453821	35199.169106	0.000000	|	-0.634892	11.826439	0.000000
Body 61 : -3710.085630	-24718.563620	0.000000	|	-1.514101	-9.135388	0.000000
Body 62 : 17443.057027	-14876.833730	0.000000	|	6.461827	-5.735940	0.000000
Body 63 : 8854.249196	-23959.175309	0.000000	|	2.988942	-8.412992	0.000000
Body 64 : -2367.737474	14313.027312	0.000000	|	-0.864059	4.895456	0.000000
Body 65 : -1413.232303	-3992.491584	0.000000	|	-0.866576	-1.701891	0.000000
Body 66 : 2979.371003	124.122162	0.000000	|	0.954634	0.005019	0.000000
Body 67 : -79.570123	-4701.086514	0.000000	|	-0.019855	-1.996143	0.000000
Body 68 : 920.321695	-708.080955	0.000000	|	0.389359	-0.247438	0.000000
Body 69 : 9514.185109	5444.604781	0.000000	|	3.008989	1.527482	0.000000
Body 70 : -13643.855479	103532.492320	0.000000	|	-4.763982	34.808210	0.000000
Body 71 : -2450.666427	-177.516190	0.000000	|	-1.215316	-0.425317	0.000000
Body 72 : -810.506128	-821.516521	0.000000	|	-0.705715	-0.533341	0.000000
Body 73 : 971.621449	1406.303326	0.000000	|	0.005971	0.416002	0.000000
Body 74 : -39376.909584	1945.652465	0.000000	|	-14.761094	0.635884	0.000000
Body 75 : 2940.470213	2374.846882	0.000000	|	0.942530	0.604668	0.000000
Body 76 : 14578.217115	4005.423110	0.000000	|	4.729095	1.198198	0.000000
Body 77 : 415.082190	-4082.026517	0.000000	|	0.056095	-1.450505	0.000000
Body 78 : 16780.565754	4670.839354	0.000000	|	5.735548	1.505925	0.000000
Body 79 : 1573.034764	930.261935	0.000000	|	1.980444	-0.495027	0.000000
Body 80 : 3126.162683	-2861.099262	0.000000	|	0.999693	-0.946059	0.000000
Body 81 : 15538.078659	8724.303106	0.000000	|	5.199841	2.837766	0.000000
Body 82 : -33860.947444	-3853.356834	0.000000	|	-11.652658	-1.407714	0.000000
Body 83 : 102448.406522	27162.227826	0.000000	|	34.234831	8.921649	0.000000
Body 84 : 1575.801346	-6043.775156	0.000000	|	0.481500	-2.354029	0.000000
Body 85 : 4902.401642	-7173.170561	0.000000	|	1.473774	-2.620819	0.000000
Body 86 : 1072.579889	2654.791467	0.000000	|	0.362948	0.644744	0.000000
Body 87 : -25190.173051	81754.276385	0.000000	|	-9.502835	30.362113	0.000000
Body 88 : 399.675576	2343.451731	0.000000	|	0.873428	2.369221	0.000000
Body 89 : -1229.471686	-762.739459	0.000000	|	-0.562922	-0.482017	0.000000
Body 90 : -4218.008382	1216.704676	0.000000	|	-2.171659	0.435138	0.000000
Body 91 : -381.963615	-1198.369564	0.000000	|	-0.035873	-0.576491	0.000000
Body 92 : -15931.002727	13477.604555	0.000000	|	-5.925699	4.806812	0.000000
Body 93 : 4828.612459	6527.081025	0.000000	|	1.380059	2.099712	0.000000
Body 94 : -19986.418862	-9680.547890	0.000000	|	-7.084827	-3.316339	0.000000
Body 95 : 932.753489	1211.189417	0.000000	|	0.342876	0.187241	0.000000
Body 96 : -2829.805027	3327.387636	0.000000	|	-0.890591	0.971519	0.000000
Body 97 : 2542.115731	-2075.877134	0.000000	|	0.927775	-1.016268	0.000000
Body 98 : 697.785767	-6177.817624	0.000000	|	0.147590	-2.644872	0.000000
Body 99 : -5536.041152	856.811758	0.000000	|	-2.335090	0.194442	0.000000
Body 100 : 50481.285225	-66087.144488	0.000000	|	16.970531	-22.435793	0.000000
Body 101 : 346.194366	3339.050315	0.000000	|	-0.146929	0.912044	0.000000
Body 102 : 3774.287448	-12.657493	0.000000	|	1.190733	-0.079589	0.000000
Body 103 : -4031.819564	656.017251	0.000000	|	-1.446571	0.171582	0.000000
Body 104 : 393.183987	467.933261	0.000000	|	-0.007645	0.236957	0.000000
Body 105 : 13933.699667	-7146.475266	0.000000	|	5.099184	-2.683149	0.000000
Body 106 : 37038.853804	18228.379881	0.000000	|	12.176924	6.056514	0.000000
Body 107 : -942.779688	10055.016734	0.000000	|	-0.448986	3.352735	0.000000
Body 108 : -1667.581713	-3444.636170	0.000000	|	-0.806213	-1.484997	0.000000
Body 109 : 1513.368800	-2178.175248	0.000000	|	0.410964	-0.649799	0.000000
Body 110 : -644190.079674	1714192.339383	0.000000	|	-215.216581	572.042373	0.000000
Body 111 : -255.468987	2739.099775	0.000000	|	-0.210157	0.840422	0.000000
Body 112 : 328.956075	2182.648676	0.000000	|	0.064705	0.612996	0.000000
Body 113 : -629.286164	-916.351157	0.000000	|	-0.323062	-0.620267	0.000000
Body 114 : 539.376347	637.950188	0.000000	|	0.285037	-0.294815	0.000000
Body 115 : -5.129639	805.727486	0.000000	|	0.133260	0.234683	0.000000
Body 116 : -4574.245531	-3378.389219	0.000000	|	-1.576479	-1.347772	0.000000
Body 117 : 7326.301455	-2368.518262	0.000000	|	2.470059	-1.085417	0.000000
Body 118 : 8265.651433	2824.074628	0.000000	|	2.337138	0.895950	0.000000
Body 119 : -8770.395974	-2172.402494	0.000000	|	-3.043983	-0.921841	0.000000
Body 120 : -1015.535267	-2406.015905	0.000000	|	-0.576741	-0.840563	0.000000
Body 121 : 3739560.285591	-9938013.816235	0.000000	|	1248.228829	-3317.861560	0.000000
Body 122 : -320.223520	5098.359321	0.000000	|	-0.282412	1.615065	0.000000
Body 123 : 14942.989558	77192.219677	0.000000	|	5.261685	27.731913	0.000000
Body 124 : 1631.906094	1670.970548	0.000000	|	0.532804	0.573496	0.000000
Body 125 : 2627.290980	-2129.413206	0.000000	|	0.626016	-0.926559	0.000000
Body 126 : -634.001156	-1818.233074	0.000000	|	-0.200583	-0.795022	0.000000
Body 127 : 117.943882	-12277.845713	0.000000	|	-0.121358	-4.119129	0.000000
Body 128 : -18323.986241	10868.586351	0.000000	|	-6.463535	3.564726	0.000000
Body 129 : -8924.701380	-4200.223000	0.000000	|	-2.968964	-1.512163	0.000000
Body 130 : -15467.494875	-6184.710660	0.000000	|	-5.525853	-2.345259	0.000000
Body 131 : -4335.623572	92.493899	0.000000	|	-1.546743	-0.207572	0.000000
Body 132 : 141810.182743	-202.573666	0.000000	|	52.555112	-0.164728	0.000000
Body 133 : 9938.509567	-7431.082627	0.000000	|	3.170457	-2.580181	0.000000
Body 134 : -5408.436082	1248.739069	0.000000	|	-2.203271	0.452864	0.000000
Body 135 : -1166.667471	1670.229455	0.000000	|	-0.534109	0.555466	0.000000
Body 136 : 21297.656133	-19625.212578	0.000000	|	7.627547	-7.225806	0.000000
Body 137 : 4768.523650	-1020.745335	0.000000	|	1.738680	-0.531351	0.000000
Body 138 : -6421.555601	1121.662911	0.000000	|	-2.378754	0.352875	0.000000
Body 139 : -7487.236825	4264.998627	0.000000	|	-2.799967	1.365835	0.000000
Body 140 : 2234.075641	-10513.355741	0.000000	|	0.931940	-5.308562	0.000000
Body 141 : -1233.709935	2635.577285	0.000000	|	-0.581980	0.809715	0.000000
Body 142 : 844.688083	190.180927	0.000000	|	0.138983	-0.198983	0.000000
Body 143 : 1222.222933	108.018229	0.000000	|	0.146641	-0.268349	0.000000
Body 144 : -3055.560328	4622.209822	0.000000	|	-1.043286	1.400160	0.000000
Body 145 : 3425.011061	3100.377788	0.000000	|	0.967508	0.900841	0.000000
Body 146 : 15915.386648	8391.931268	0.000000	|	9.226751	4.197284	0.000000
Body 147 : -40214.040133	-242644.988920	0.000000	|	-14.661082	-87.793772	0.000000
Body 148 : 1506.167127	1799.372900	0.000000	|	0.381420	0.370641	0.000000
Body 149 : 8297.735836	2845.207551	0.000000	|	2.749810	0.642261	0.000000
Body 150 : -1166.050636	-1233.802806	0.000000	|	-0.615058	-0.492256	0.000000
Body 151 : 8986.365189	4903.999529	0.000000	|	3.875484	2.370544	0.000000
Body 152 : 160.754277	4801.220517	0.000000	|	-0.093128	1.649091	0.000000
Body 153 : -107887.833531	-27792.115048	0.000000	|	-36.075003	-9.447875	0.000000
Body 154 : 9414.981117	4920.583727	0.000000	|	2.941093	1.449916	0.000000
Body 155 : 23320.646531	5697.795302	0.000000	|	7.645623	1.909823	0.000000
Body 156 : 3472.522866	2231.951672	0.000000	|	0.897308	0.708306	0.000000
Body 157 : 1033.834752	4241.358178	0.000000	|	0.243622	1.530114	0.000000
Body 158 : -14692.421020	-121004.590427	0.000000	|	-5.881544	-47.160361	0.000000
Body 159 : 86670.335595	-594470.886936	0.000000	|	29.005401	-200.168394	0.000000
Body 160 : 1145.626306	-1187.098247	0.000000	|	0.738203	-0.511030	0.000000
Body 161 : -80643.517081	-40096.249422	0.000000	|	-27.099035	-13.607975	0.000000
Body 162 : -702.242127	1270.409690	0.000000	|	-0.319111	0.274800	0.000000
Body 163 : -8287.103072	-35276.233665	0.000000	|	-2.986491	-11.963313	0.000000
Body 164 : 6320.561013	-13041.276045	0.000000	|	2.031568	-4.751546	0.000000
Body 165 : -19114.924502	-13589.796102	0.000000	|	-6.485932	-4.633939	0.000000
Body 166 : 15889.033479	-53370.717731	0.000000	|	5.844320	-20.121277	0.000000
Body 167 : -1501.726934	6881.441488	0.000000	|	-0.864955	2.896741	0.000000
Body 168 : 7523.254772	5568.473632	0.000000	|	2.280432	1.863073	0.000000
Body 169 : -8086.071650	16534.993711	0.000000	|	-2.774176	5.494239	0.000000
Body 170 : 1163.753824	242.831599	0.000000	|	0.401530	-0.235085	0.000000
Body 171 : -3439.571407	-5879.260989	0.000000	|	-1.352549	-2.141903	0.000000
Body 172 : 680.640335	1133.839658	0.000000	|	0.155337	0.345515	0.000000
Body 173 : -9840.141770	15471.207636	0.000000	|	-3.701040	5.554660	0.000000
Body 174 : 2451.851464	-1712.085454	0.000000	|	0.705853	-0.712543	0.000000
Body 175 : 17163.584438	14053.789927	0.000000	|	5.618820	4.615318	0.000000
Body 176 : -22248.203299	-10980.791031	0.000000	|	-8.272810	-4.273770	0.000000
Body 177 : -13808.774218	-9832.823185	0.000000	|	-5.009395	-3.573762	0.000000
Body 178 : 323.075986	1474.338974	0.000000	|	-0.030611	0.146481	0.000000
Body 179 : 2742.746411	-751.328483	0.000000	|	0.802392	-0.391655	0.000000
Body 180 : -1935.657126	732.391657	0.000000	|	-0.965503	0.195576	0.000000
Body 181 : 14789.647157	9543.678222	0.000000	|	5.214955	3.287839	0.000000
Body 182 : -470664.617318	-1383121.760202	0.000000	|	-160.088592	-469.950439	0.000000
Body 183 : 5970.730799	169.158987	0.000000	|	1.871810	-0.232150	0.000000
Body 184 : 11083.142317	32734.102446	0.000000	|	3.861781	11.630825	0.000000
Body 185 : 1399.475655	-415.997487	0.000000	|	0.480628	-0.119556	0.000000
Body 186 : 2494.542409	-2098.550952	0.000000	|	0.575101	-1.057931	0.000000
Body 187 : 1217.995110	-2911.603848	0.000000	|	0.329647	-1.350240	0.000000
Body 188 : 1340.933955	340.095236	0.000000	|	0.207243	0.120447	0.000000
Body 189 : -1051.884082	-1196.165058	0.000000	|	-0.408352	-0.631949	0.000000
Body 190 : 1730.506130	-642.696743	0.000000	|	0.463925	-0.202802	0.000000
Body 191 : -20347.290154	3426.722001	0.000000	|	-8.441282	1.219355	0.000000
Body 192 : 10458.863299	6007.792092	0.000000	|	3.307815	2.045058	0.000000
Body 193 : 30496.146350	21449.546343	0.000000	|	10.119879	7.059845	0.000000
Body 194 : -26394.105550	-31672.096807	0.000000	|	-9.063153	-10.902286	0.000000
Body 195 : 1280.529437	-444.812531	0.000000	|	0.170005	-0.394561	0.000000
Body 196 : -1392.146552	-560.949121	0.000000	|	-0.666252	-0.482521	0.000000
Body 197 : -548.683900	-907.147810	0.000000	|	-0.592887	-0.828986	0.000000
Body 198 : 10973.928278	30656.507363	0.000000	|	3.514643	10.347953	0.000000
Body 199 : -1067.681243	5358.606672	0.000000	|	-0.330814	1.619953	0.000000
Body 200 : 4746.603006	-1400.836680	0.000000	|	1.630826	-0.635461	0.000000
Body 201 : -3983.822948	-106.296166	0.000000	|	-1.649767	-0.197230	0.000000
Body 202 : 653.689761	3993.773012	0.000000	|	0.056717	1.240431	0.000000
Body 203 : 46.693015	1428.250461	0.000000	|	-0.217096	0.893465	0.000000
Body 204 : 1738.436956	-2599.515553	0.000000	|	0.338866	-0.768709	0.000000
Body 205 : -11775.678549	-1823.739710	0.000000	|	-3.941292	-0.778388	0.000000
Body 206 : 1274.111365	7365.687936	0.000000	|	0.305446	2.166459	0.000000
Body 207 : -222.361316	-226.560527	0.000000	|	-0.215990	-0.256973	0.000000
Body 208 : -33305.430936	-16353.944871	0.000000	|	-11.448626	-5.557251	0.000000
Body 209 : -10303.106587	3647.971282	0.000000	|	-3.557785	1.034541	0.000000
Body 210 : 33961.034798	-37571.980651	0.000000	|	11.175731	-12.676759	0.000000
Body 211 : -2870.513423	2055.837396	0.000000	|	-1.167884	0.694877	0.000000
Body 212 : -2693.448295	8421.412561	0.000000	|	-0.939801	2.854953	0.000000
Body 213 : 1903.424554	7590.281717	0.000000	|	0.427675	2.413882	0.000000
Body 214 : -3693.382689	7787.147302	0.000000	|	-1.271495	2.395314	0.000000
Body 215 : 2307.047227	2874.436227	0.000000	|	0.688576	0.711883	0.000000
Body 216 : 547336.548025	-387483.895553	0.000000	|	183.318275	-130.021325	0.000000
Body 217 : -20848.256786	3886.307097	0.000000	|	-7.022889	1.294318	0.000000
Body 218 : -227.871313	-3962.259421	0.000000	|	-0.249174	-1.590651	0.000000
Body 219 : -7919.626967	1956.166079	0.000000	|	-2.888624	0.431044	0.000000
Body 220 : 1352.990442	-930.930552	0.000000	|	0.237819	-0.455959	0.000000
Body 221 : 6633.540910	-3731.285654	0.000000	|	2.227839	-1.458916	0.000000
Body 222 : -937.903902	-955.519343	0.000000	|	-0.517752	-0.598227	0.000000
Body 223 : 5686.031377	820.115522	0.000000	|	2.071290	0.266511	0.000000
Body 224 : -2750.559031	1213.521042	0.000000	|	-1.357178	0.324313	0.000000
Body 225 : -640.590894	-1640.048688	0.000000	|	-0.435357	-0.808213	0.000000
Body 226 : -7095.739725	6027.655681	0.000000	|	-2.601956	1.845786	0.000000
Body 227 : -3664.584765	284.252700	0.000000	|	-1.286530	0.018170	0.000000
Body 228 : 279.313407	628.000507	0.000000	|	0.142396	-0.085434	0.000000
Body 229 : 8161.499935	13014.766079	0.000000	|	2.631871	4.455079	0.000000
Body 230 : -11736.190154	-1218.739609	0.000000	|	-4.169339	-0.414150	0.000000
Body 231 : 17894.081928	-58374.059765	0.000000	|	5.969368	-19.718583	0.000000
Body 232 : -9663.308134	-40407.925662	0.000000	|	-3.313505	-13.708402	0.000000
Body 233 : 192.589174	-1442.606791	0.000000	|	-0.142682	-0.705046	0.000000
Body 234 : -32451.848695	36562.613122	0.000000	|	-11.073016	12.161135	0.000000
Body 235 : -3120.678370	-1874.251702	0.000000	|	-1.232925	-0.807922	0.000000
Body 236 : 1021.464286	1676.241523	0.000000	|	0.106979	0.158018	0.000000
Body 237 : 1972.640024	-2093.727333	0.000000	|	0.469773	-0.705237	0.000000
Body 238 : 5550.583433	-1770.836501	0.000000	|	2.082917	-0.793835	0.000000
Body 239 : 1482.127623	-575.485920	0.000000	|	0.198669	-0.233993	0.000000
Body 240 : 14225.889634	1486.707458	0.000000	|	4.759812	0.337802	0.000000
Body 241 : 6965.737129	-12907.758133	0.000000	|	2.148932	-4.506733	0.000000
Body 242 : -1232.773496	-3703.830704	0.000000	|	-0.482145	-1.291432	0.000000
Body 243 : 1554.861983	26712.508462	0.000000	|	0.403270	9.505692	0.000000
Body 244 : -7273.989341	-18043.219071	0.000000	|	-2.754302	-6.370314	0.000000
Body 245 : 31498.896399	32351.827711	0.000000	|	11.902632	12.227337	0.000000
Body 246 : 1672.961500	1969.181674	0.000000	|	0.274079	0.596985	0.000000
Body 247 : -555.701078	7829.412587	0.000000	|	-0.401476	2.566636	0.000000
Body 248 : 11331.889621	-600.089560	0.000000	|	3.702252	-0.182269	0.000000
Body 249 : -8420.551439	60175.861058	0.000000	|	-3.135390	21.127238	0.000000
Body 250 : -13715.653756	10644.300683	0.000000	|	-4.796607	3.392070	0.000000
Body 251 : -20803.435194	-130.955101	0.000000	|	-7.199814	-0.037657	0.000000
Body 252 : 3586.927488	-124.687328	0.000000	|	1.181184	-0.336518	0.000000
Body 253 : -4072.466123	-12145.861030	0.000000	|	-1.523388	-4.140365	0.000000
Body 254 : 3439.841311	1168.030544	0.000000	|	1.088249	0.421381	0.000000
Body 255 : 20759.731773	-25631.720343	0.000000	|	7.090906	-9.153974	0.000000
Body 256 : -3908.849516	4972.893810	0.000000	|	-1.299393	1.581712	0.000000
Body 257 : -18840.833647	-9352.898138	0.000000	|	-6.780353	-3.433843	0.000000
Body 258 : 13885.281936	3698.937724	0.000000	|	4.705521	1.074975	0.000000
Body 259 : 1351.852054	2534.048723	0.000000	|	0.337798	0.624806	0.000000
Body 260 : 23332.226807	19870.833078	0.000000	|	8.246244	7.015897	0.000000
Body 261 : 249.149290	-250.837723	0.000000	|	-0.141627	-0.146422	0.000000
Body 262 : -5020.684305	-2195.893589	0.000000	|	-1.882362	-1.064129	0.000000
Body 263 : -9581.446387	18734.019762	0.000000	|	-3.440505	6.342567	0.000000
Body 264 : 2537.997624	-2605.743807	0.000000	|	0.732826	-0.979412	0.000000
Body 265 : -632.529458	4300.370162	0.000000	|	-0.118436	1.411560	0.000000
Body 266 : 34681.402266	223420.333284	0.000000	|	13.311977	86.726547	0.000000
Body 267 : 10958.011535	38705.232295	0.000000	|	3.629187	12.925899	0.000000
Body 268 : 3972.633027	-3125.586969	0.000000	|	1.238371	-1.106618	0.000000
Body 269 : 4181.446286	391.071309	0.000000	|	1.308568	0.277731	0.000000
Body 270 : 83.591879	1111.234926	0.000000	|	-0.096060	-0.046853	0.000000
Body 271 : -1099.556362	-1336.636672	0.000000	|	-0.426481	-0.265470	0.000000
Body 272 : 7358.603767	292.118280	0.000000	|	2.375634	-0.097472	0.000000
Body 273 : 5898.108923	9278.963160	0.000000	|	1.851597	2.927120	0.000000
Body 274 : 1658.952931	1742.223867	0.000000	|	0.315527	0.417529	0.000000
Body 275 : -10019.014169	13505.346091	0.000000	|	-3.704815	4.587188	0.000000
Body 276 : 3626.455033	-5104.653033	0.000000	|	1.009663	-1.858271	0.000000
Body 277 : 144.760133	-2139.797532	0.000000	|	0.227262	-1.290158	0.000000
Body 278 : -405.168845	1780.888830	0.000000	|	-3.825316	2.011433	0.000000
Body 279 : -3011.690977	2781.523611	0.000000	|	-1.556749	1.113548	0.000000
Body 280 : -12449.185918	47035.212890	0.000000	|	-4.244482	15.760419	0.000000
Body 281 : -82995.914187	-57588.015039	0.000000	|	-28.146210	-19.589581	0.000000
Body 282 : -1454.614472	1505.255685	0.000000	|	-0.624837	0.472209	0.000000
Body 283 : -1220.835198	-174.517829	0.000000	|	-0.547311	-0.213650	0.000000
Body 284 : 5370.067523	2646.062095	0.000000	|	1.845007	0.674479	0.000000
Body 285 : 34990.522290	4638.191905	0.000000	|	11.637017	1.439214	0.000000
Body 286 : -4227.280723	2809.821181	0.000000	|	-1.530251	0.935470	0.000000
Body 287 : -2392.766568	153.688660	0.000000	|	-0.897608	-0.217510	0.000000
Body 288 : -4850.355086	-6026.870291	0.000000	|	-1.651715	-2.202385	0.000000
Body 289 : 33505.717055	17421.054171	0.000000	|	12.104059	6.111086	0.000000
Body 290 : -2340.247714	5403.811456	0.000000	|	-1.895289	2.232067	0.000000
Body 291 : 11205.899621	-17363.408642	0.000000	|	3.701044	-5.910142	0.000000
Body 292 : -985.515259	-2242.811964	0.000000	|	-0.409608	-1.116234	0.000000
Body 293 : -1036.213506	-1351.629802	0.000000	|	-0.522047	-0.493950	0.000000
Body 294 : 853.871858	-3774.191021	0.000000	|	0.243400	-1.582993	0.000000
Body 295 : 1245.953646	-4347.651352	0.000000	|	0.296710	-1.527155	0.000000
Body 296 : 2876.960319	83.523580	0.000000	|	1.064970	-0.124177	0.000000
Body 297 : 961.140380	1122.753347	0.000000	|	0.201628	0.549158	0.000000
Body 298 : 4381.087621	6923.655661	0.000000	|	1.715566	2.718249	0.000000
Body 299 : -3015.992803	-3031.400136	0.000000	|	-1.334229	-1.445378	0.000000
